c:\users\administrator\documents\github\multicamera\virtualcamera-fqq\virtualcamera-fqq\debug\virtualcamera.bsc
c:\users\administrator\documents\github\multicamera\virtualcamera-fqq\virtualcamera-fqq\debug\vc141.pdb
c:\users\administrator\documents\github\multicamera\virtualcamera-fqq\virtualcamera-fqq\debug\vc141.idb
c:\users\administrator\documents\github\multicamera\virtualcamera-fqq\virtualcamera-fqq\debug\filter.sbr
c:\users\administrator\documents\github\multicamera\virtualcamera-fqq\virtualcamera-fqq\debug\dll.sbr
c:\users\administrator\documents\github\multicamera\virtualcamera-fqq\virtualcamera-fqq\debug\dibhelper.sbr
c:\users\administrator\documents\github\multicamera\virtualcamera-fqq\virtualcamera-fqq\debug\dibhelper.obj
c:\users\administrator\documents\github\multicamera\virtualcamera-fqq\virtualcamera-fqq\debug\dll.obj
c:\users\administrator\documents\github\multicamera\virtualcamera-fqq\virtualcamera-fqq\debug\filter.obj
c:\users\administrator\documents\github\multicamera\virtualcamera-fqq\virtualcamera-fqq\vcam11.ilk
c:\users\administrator\documents\github\multicamera\virtualcamera-fqq\virtualcamera-fqq\vcam11.ax
c:\users\administrator\documents\github\multicamera\virtualcamera-fqq\virtualcamera-fqq\vcam11.pdb
c:\users\administrator\documents\github\multicamera\virtualcamera-fqq\virtualcamera-fqq\debug\vcam.lib
c:\users\administrator\documents\github\multicamera\virtualcamera-fqq\virtualcamera-fqq\debug\vcam.exp
c:\users\administrator\documents\github\multicamera\virtualcamera-fqq\virtualcamera-fqq\.\vcam11.ax
c:\users\administrator\documents\github\multicamera\virtualcamera-fqq\virtualcamera-fqq\debug\virtualcamera.tlog\bscmake.command.1.tlog
c:\users\administrator\documents\github\multicamera\virtualcamera-fqq\virtualcamera-fqq\debug\virtualcamera.tlog\bscmake.read.1.tlog
c:\users\administrator\documents\github\multicamera\virtualcamera-fqq\virtualcamera-fqq\debug\virtualcamera.tlog\bscmake.write.1.tlog
c:\users\administrator\documents\github\multicamera\virtualcamera-fqq\virtualcamera-fqq\debug\virtualcamera.tlog\cl.command.1.tlog
c:\users\administrator\documents\github\multicamera\virtualcamera-fqq\virtualcamera-fqq\debug\virtualcamera.tlog\cl.read.1.tlog
c:\users\administrator\documents\github\multicamera\virtualcamera-fqq\virtualcamera-fqq\debug\virtualcamera.tlog\cl.write.1.tlog
c:\users\administrator\documents\github\multicamera\virtualcamera-fqq\virtualcamera-fqq\debug\virtualcamera.tlog\link.command.1.tlog
c:\users\administrator\documents\github\multicamera\virtualcamera-fqq\virtualcamera-fqq\debug\virtualcamera.tlog\link.read.1.tlog
c:\users\administrator\documents\github\multicamera\virtualcamera-fqq\virtualcamera-fqq\debug\virtualcamera.tlog\link.write.1.tlog
c:\users\administrator\documents\github\multicamera\virtualcamera-fqq\virtualcamera-fqq\debug\virtualcamera.tlog\virtualcamera.write.1u.tlog
