c:\users\ztzh\desktop\virtualcamera-fqq\virtualcamera-fqq\debug\virtualcamera.bsc
c:\users\ztzh\desktop\virtualcamera-fqq\virtualcamera-fqq\debug\vc141.pdb
c:\users\ztzh\desktop\virtualcamera-fqq\virtualcamera-fqq\debug\vc141.idb
c:\users\ztzh\desktop\virtualcamera-fqq\virtualcamera-fqq\debug\filter.sbr
c:\users\ztzh\desktop\virtualcamera-fqq\virtualcamera-fqq\debug\filter.obj
c:\users\ztzh\desktop\virtualcamera-fqq\virtualcamera-fqq\debug\dll.sbr
c:\users\ztzh\desktop\virtualcamera-fqq\virtualcamera-fqq\debug\dibhelper.sbr
c:\users\ztzh\desktop\virtualcamera-fqq\virtualcamera-fqq\debug\dibhelper.obj
c:\users\ztzh\desktop\virtualcamera-fqq\virtualcamera-fqq\debug\dll.obj
c:\users\ztzh\desktop\virtualcamera-fqq\virtualcamera-fqq\vcam.ilk
c:\users\ztzh\desktop\virtualcamera-fqq\virtualcamera-fqq\vcam.ax
c:\users\ztzh\desktop\virtualcamera-fqq\virtualcamera-fqq\vcam.pdb
c:\users\ztzh\desktop\virtualcamera-fqq\virtualcamera-fqq\debug\vcam.lib
c:\users\ztzh\desktop\virtualcamera-fqq\virtualcamera-fqq\debug\vcam.exp
c:\users\ztzh\desktop\virtualcamera-fqq\virtualcamera-fqq\debug\vc120.idb
c:\users\ztzh\desktop\virtualcamera-fqq\virtualcamera-fqq\debug\vc120.pdb
c:\users\ztzh\desktop\virtualcamera-fqq\virtualcamera-fqq\.\vcam.ax
c:\users\ztzh\desktop\virtualcamera-fqq\virtualcamera-fqq\debug\virtualcamera.tlog\bscmake.command.1.tlog
c:\users\ztzh\desktop\virtualcamera-fqq\virtualcamera-fqq\debug\virtualcamera.tlog\bscmake.read.1.tlog
c:\users\ztzh\desktop\virtualcamera-fqq\virtualcamera-fqq\debug\virtualcamera.tlog\bscmake.write.1.tlog
c:\users\ztzh\desktop\virtualcamera-fqq\virtualcamera-fqq\debug\virtualcamera.tlog\cl.command.1.tlog
c:\users\ztzh\desktop\virtualcamera-fqq\virtualcamera-fqq\debug\virtualcamera.tlog\cl.read.1.tlog
c:\users\ztzh\desktop\virtualcamera-fqq\virtualcamera-fqq\debug\virtualcamera.tlog\cl.write.1.tlog
c:\users\ztzh\desktop\virtualcamera-fqq\virtualcamera-fqq\debug\virtualcamera.tlog\link.command.1.tlog
c:\users\ztzh\desktop\virtualcamera-fqq\virtualcamera-fqq\debug\virtualcamera.tlog\link.read.1.tlog
c:\users\ztzh\desktop\virtualcamera-fqq\virtualcamera-fqq\debug\virtualcamera.tlog\link.write.1.tlog
c:\users\ztzh\desktop\virtualcamera-fqq\virtualcamera-fqq\debug\virtualcamera.tlog\virtualcamera.write.1u.tlog
