***********************************************************************
13:46:11
输出信息：错误信息
异常信息：
新的错误log
***********************************************************************
13:47:26
输出信息：错误信息
异常信息：
初始化就失败了
***********************************************************************
13:58:39
输出信息：错误信息
异常信息：
摄像头不足两个
***********************************************************************
14:00:33
输出信息：错误信息
异常信息：
摄像头不足两个
***********************************************************************
14:03:35
输出信息：错误信息
异常信息：
初始化就失败了
***********************************************************************
14:04:55
输出信息：错误信息
异常信息：
初始化就失败了
***********************************************************************
14:06:50
输出信息：错误信息
异常信息：
摄像头不足两个
***********************************************************************
14:08:55
输出信息：错误信息
异常信息：
摄像头不足两个
***********************************************************************
14:10:36
输出信息：错误信息
异常信息：
摄像头不足两个
***********************************************************************
14:11:37
输出信息：错误信息
异常信息：
摄像头不足两个
***********************************************************************
14:13:56
输出信息：错误信息
异常信息：
摄像头不足两个
***********************************************************************
14:16:09
输出信息：错误信息
异常信息：
摄像头不足两个
***********************************************************************
14:17:01
输出信息：错误信息
异常信息：
摄像头不足两个
***********************************************************************
14:19:52
输出信息：错误信息
异常信息：
摄像头不足两个
***********************************************************************
14:21:22
输出信息：错误信息
异常信息：
摄像头不足两个
***********************************************************************
14:21:58
输出信息：错误信息
异常信息：
摄像头不足两个
***********************************************************************
14:23:09
输出信息：错误信息
异常信息：
摄像头不足两个
***********************************************************************
14:55:45
输出信息：错误信息
异常信息：
摄像头不足两个
***********************************************************************
15:09:50
输出信息：错误信息
异常信息：
摄像头不足两个
***********************************************************************
15:13:48
输出信息：错误信息
异常信息：
摄像头不足两个
***********************************************************************
15:14:21
输出信息：错误信息
异常信息：
摄像头不足两个
***********************************************************************
15:39:46
输出信息：错误信息
异常信息：
摄像头不足两个
***********************************************************************
15:39:54
输出信息：错误信息
异常信息：
摄像头不足两个
***********************************************************************
15:40:38
输出信息：错误信息
异常信息：
摄像头不足两个
